28c28
< 5 * R * * * * *  
---
> 5 * * * * * * *  
47c47
< 5 * R Y * * * *  
---
> 5 * * * * * * *  
65,66c65,66
< 4 * R * * * * *  
< 5 * R Y * * * *  
---
> 4 * * * * * * *  
> 5 * * * * * * *  
83,85c83,85
< 3 * Y * * * * *  
< 4 * R * * * * *  
< 5 * R Y * * * *  
---
> 3 * * * * * * *  
> 4 * * * * * * *  
> 5 * * * * * * *  
102,104c102,104
< 3 * Y * * * * *  
< 4 * R R * * * *  
< 5 * R Y * * * *  
---
> 3 * * * * * * *  
> 4 * * * * * * *  
> 5 * * * * * * *  
121,123c121,123
< 3 * Y Y * * * *  
< 4 * R R * * * *  
< 5 * R Y * * * *  
---
> 3 * * * * * * *  
> 4 * * * * * * *  
> 5 * * * * * * *  
140,142c140,142
< 3 * Y Y * * * *  
< 4 * R R * * * *  
< 5 * R Y R * * *  
---
> 3 * * * * * * *  
> 4 * * * * * * *  
> 5 * * * * * * *  
158,161c158,161
< 2 * Y * * * * *  
< 3 * Y Y * * * *  
< 4 * R R * * * *  
< 5 * R Y R * * *  
---
> 2 * * * * * * *  
> 3 * * * * * * *  
> 4 * * * * * * *  
> 5 * * * * * * *  
177,180c177,180
< 2 * Y * * * * *  
< 3 * Y Y * * * *  
< 4 * R R * * * *  
< 5 * R Y R * R *  
---
> 2 * * * * * * *  
> 3 * * * * * * *  
> 4 * * * * * * *  
> 5 * * * * * * *  
196,199c196,199
< 2 * Y * * * * *  
< 3 * Y Y * * * *  
< 4 * R R Y * * *  
< 5 * R Y R * R *  
---
> 2 * * * * * * *  
> 3 * * * * * * *  
> 4 * * * * * * *  
> 5 * * * * * * *  
215,218c215,218
< 2 * Y * * * * *  
< 3 * Y Y R * * *  
< 4 * R R Y * * *  
< 5 * R Y R * R *  
---
> 2 * * * * * * *  
> 3 * * * * * * *  
> 4 * * * * * * *  
> 5 * * * * * * *  
234,237c234,237
< 2 * Y * * * * *  
< 3 * Y Y R * * *  
< 4 * R R Y * * *  
< 5 * R Y R Y R *  
---
> 2 * * * * * * *  
> 3 * * * * * * *  
> 4 * * * * * * *  
> 5 * * * * * * *  
239,242c239,248
< Player 2 wins!
< Do you want to play again? 
<  1. Yes 
<  2. No
---
> Player 1's turn (You are Red):
> Choose your move: 
>  1. Play Normal 
>  2. Play Bomb (2 left) 
>  3. Play Teleportation (2 left) 
>  4. Play Colour Changer (2 left)
>  5. Display Gameboard 
>  6. Load Test File 
>  0. Exit
> Choose a column to play in:
