28c28
< 5 R * * * * * *  
---
> 5 * * * * * * *  
47c47
< 5 R Y * * * * *  
---
> 5 * * * * * * *  
66c66
< 5 R Y R * * * *  
---
> 5 * * * * * * *  
85c85
< 5 R Y R Y * * *  
---
> 5 * * * * * * *  
104c104
< 5 R Y R Y R * *  
---
> 5 * * * * * * *  
123c123
< 5 R Y R Y R Y *  
---
> 5 * * * * * * *  
142c142
< 5 R Y R Y R Y R  
---
> 5 * * * * * * *  
160,161c160,161
< 4 Y * * * * * *  
< 5 R Y R Y R Y R  
---
> 4 * * * * * * *  
> 5 * * * * * * *  
179,180c179,180
< 4 Y R * * * * *  
< 5 R Y R Y R Y R  
---
> 4 * * * * * * *  
> 5 * * * * * * *  
198,199c198,199
< 4 Y R Y * * * *  
< 5 R Y R Y R Y R  
---
> 4 * * * * * * *  
> 5 * * * * * * *  
217,218c217,218
< 4 Y R Y R * * *  
< 5 R Y R Y R Y R  
---
> 4 * * * * * * *  
> 5 * * * * * * *  
236,237c236,237
< 4 Y R Y R Y * *  
< 5 R Y R Y R Y R  
---
> 4 * * * * * * *  
> 5 * * * * * * *  
255,256c255,256
< 4 Y R Y R Y R *  
< 5 R Y R Y R Y R  
---
> 4 * * * * * * *  
> 5 * * * * * * *  
274,275c274,275
< 4 Y R Y R Y R Y  
< 5 R Y R Y R Y R  
---
> 4 * * * * * * *  
> 5 * * * * * * *  
292,294c292,294
< 3 R * * * * * *  
< 4 Y R Y R Y R Y  
< 5 R Y R Y R Y R  
---
> 3 * * * * * * *  
> 4 * * * * * * *  
> 5 * * * * * * *  
311,313c311,313
< 3 R Y * * * * *  
< 4 Y R Y R Y R Y  
< 5 R Y R Y R Y R  
---
> 3 * * * * * * *  
> 4 * * * * * * *  
> 5 * * * * * * *  
330,332c330,332
< 3 R Y R * * * *  
< 4 Y R Y R Y R Y  
< 5 R Y R Y R Y R  
---
> 3 * * * * * * *  
> 4 * * * * * * *  
> 5 * * * * * * *  
349,351c349,351
< 3 R Y R Y * * *  
< 4 Y R Y R Y R Y  
< 5 R Y R Y R Y R  
---
> 3 * * * * * * *  
> 4 * * * * * * *  
> 5 * * * * * * *  
368,370c368,370
< 3 R Y R Y R * *  
< 4 Y R Y R Y R Y  
< 5 R Y R Y R Y R  
---
> 3 * * * * * * *  
> 4 * * * * * * *  
> 5 * * * * * * *  
387,389c387,389
< 3 R Y R Y R Y *  
< 4 Y R Y R Y R Y  
< 5 R Y R Y R Y R  
---
> 3 * * * * * * *  
> 4 * * * * * * *  
> 5 * * * * * * *  
406,408c406,408
< 3 R Y R Y R Y R  
< 4 Y R Y R Y R Y  
< 5 R Y R Y R Y R  
---
> 3 * * * * * * *  
> 4 * * * * * * *  
> 5 * * * * * * *  
424,427c424,427
< 2 * * * * * Y *  
< 3 R Y R Y R Y R  
< 4 Y R Y R Y R Y  
< 5 R Y R Y R Y R  
---
> 2 * * * * * * *  
> 3 * * * * * * *  
> 4 * * * * * * *  
> 5 * * * * * * *  
443,446c443,446
< 2 * * * * * Y R  
< 3 R Y R Y R Y R  
< 4 Y R Y R Y R Y  
< 5 R Y R Y R Y R  
---
> 2 * * * * * * *  
> 3 * * * * * * *  
> 4 * * * * * * *  
> 5 * * * * * * *  
462,465c462,465
< 2 * * * Y * Y R  
< 3 R Y R Y R Y R  
< 4 Y R Y R Y R Y  
< 5 R Y R Y R Y R  
---
> 2 * * * * * * *  
> 3 * * * * * * *  
> 4 * * * * * * *  
> 5 * * * * * * *  
481,484c481,484
< 2 * * * Y R Y R  
< 3 R Y R Y R Y R  
< 4 Y R Y R Y R Y  
< 5 R Y R Y R Y R  
---
> 2 * * * * * * *  
> 3 * * * * * * *  
> 4 * * * * * * *  
> 5 * * * * * * *  
500,503c500,503
< 2 * Y * Y R Y R  
< 3 R Y R Y R Y R  
< 4 Y R Y R Y R Y  
< 5 R Y R Y R Y R  
---
> 2 * * * * * * *  
> 3 * * * * * * *  
> 4 * * * * * * *  
> 5 * * * * * * *  
519,522c519,522
< 2 * Y R Y R Y R  
< 3 R Y R Y R Y R  
< 4 Y R Y R Y R Y  
< 5 R Y R Y R Y R  
---
> 2 * * * * * * *  
> 3 * * * * * * *  
> 4 * * * * * * *  
> 5 * * * * * * *  
537,541c537,541
< 1 * * * * * * Y  
< 2 * Y R Y R Y R  
< 3 R Y R Y R Y R  
< 4 Y R Y R Y R Y  
< 5 R Y R Y R Y R  
---
> 1 * * * * * * *  
> 2 * * * * * * *  
> 3 * * * * * * *  
> 4 * * * * * * *  
> 5 * * * * * * *  
556,560c556,560
< 1 * * * * * R Y  
< 2 * Y R Y R Y R  
< 3 R Y R Y R Y R  
< 4 Y R Y R Y R Y  
< 5 R Y R Y R Y R  
---
> 1 * * * * * * *  
> 2 * * * * * * *  
> 3 * * * * * * *  
> 4 * * * * * * *  
> 5 * * * * * * *  
575,579c575,579
< 1 * * * * Y R Y  
< 2 * Y R Y R Y R  
< 3 R Y R Y R Y R  
< 4 Y R Y R Y R Y  
< 5 R Y R Y R Y R  
---
> 1 * * * * * * *  
> 2 * * * * * * *  
> 3 * * * * * * *  
> 4 * * * * * * *  
> 5 * * * * * * *  
594,598c594,598
< 1 * * * R Y R Y  
< 2 * Y R Y R Y R  
< 3 R Y R Y R Y R  
< 4 Y R Y R Y R Y  
< 5 R Y R Y R Y R  
---
> 1 * * * * * * *  
> 2 * * * * * * *  
> 3 * * * * * * *  
> 4 * * * * * * *  
> 5 * * * * * * *  
613,617c613,617
< 1 * * Y R Y R Y  
< 2 * Y R Y R Y R  
< 3 R Y R Y R Y R  
< 4 Y R Y R Y R Y  
< 5 R Y R Y R Y R  
---
> 1 * * * * * * *  
> 2 * * * * * * *  
> 3 * * * * * * *  
> 4 * * * * * * *  
> 5 * * * * * * *  
632,636c632,636
< 1 * R Y R Y R Y  
< 2 * Y R Y R Y R  
< 3 R Y R Y R Y R  
< 4 Y R Y R Y R Y  
< 5 R Y R Y R Y R  
---
> 1 * * * * * * *  
> 2 * * * * * * *  
> 3 * * * * * * *  
> 4 * * * * * * *  
> 5 * * * * * * *  
650,655c650,655
< 0 * * * * * * Y  
< 1 * R Y R Y R Y  
< 2 * Y R Y R Y R  
< 3 R Y R Y R Y R  
< 4 Y R Y R Y R Y  
< 5 R Y R Y R Y R  
---
> 0 * * * * * * *  
> 1 * * * * * * *  
> 2 * * * * * * *  
> 3 * * * * * * *  
> 4 * * * * * * *  
> 5 * * * * * * *  
669,674c669,674
< 0 * * * * * * Y  
< 1 * R Y R Y R Y  
< 2 R Y R Y R Y R  
< 3 R Y R Y R Y R  
< 4 Y R Y R Y R Y  
< 5 R Y R Y R Y R  
---
> 0 * * * * * * *  
> 1 * * * * * * *  
> 2 * * * * * * *  
> 3 * * * * * * *  
> 4 * * * * * * *  
> 5 * * * * * * *  
688,693c688,693
< 0 * * * * * * Y  
< 1 Y R Y R Y R Y  
< 2 R Y R Y R Y R  
< 3 R Y R Y R Y R  
< 4 Y R Y R Y R Y  
< 5 R Y R Y R Y R  
---
> 0 * * * * * * *  
> 1 * * * * * * *  
> 2 * * * * * * *  
> 3 * * * * * * *  
> 4 * * * * * * *  
> 5 * * * * * * *  
707,712c707,712
< 0 R * * * * * Y  
< 1 Y R Y R Y R Y  
< 2 R Y R Y R Y R  
< 3 R Y R Y R Y R  
< 4 Y R Y R Y R Y  
< 5 R Y R Y R Y R  
---
> 0 * * * * * * *  
> 1 * * * * * * *  
> 2 * * * * * * *  
> 3 * * * * * * *  
> 4 * * * * * * *  
> 5 * * * * * * *  
726,731c726,731
< 0 R Y * * * * Y  
< 1 Y R Y R Y R Y  
< 2 R Y R Y R Y R  
< 3 R Y R Y R Y R  
< 4 Y R Y R Y R Y  
< 5 R Y R Y R Y R  
---
> 0 * * * * * * *  
> 1 * * * * * * *  
> 2 * * * * * * *  
> 3 * * * * * * *  
> 4 * * * * * * *  
> 5 * * * * * * *  
745,750c745,750
< 0 R Y R * * * Y  
< 1 Y R Y R Y R Y  
< 2 R Y R Y R Y R  
< 3 R Y R Y R Y R  
< 4 Y R Y R Y R Y  
< 5 R Y R Y R Y R  
---
> 0 * * * * * * *  
> 1 * * * * * * *  
> 2 * * * * * * *  
> 3 * * * * * * *  
> 4 * * * * * * *  
> 5 * * * * * * *  
764,769c764,769
< 0 R Y R Y * * Y  
< 1 Y R Y R Y R Y  
< 2 R Y R Y R Y R  
< 3 R Y R Y R Y R  
< 4 Y R Y R Y R Y  
< 5 R Y R Y R Y R  
---
> 0 * * * * * * *  
> 1 * * * * * * *  
> 2 * * * * * * *  
> 3 * * * * * * *  
> 4 * * * * * * *  
> 5 * * * * * * *  
783,788c783,788
< 0 R Y R Y R * Y  
< 1 Y R Y R Y R Y  
< 2 R Y R Y R Y R  
< 3 R Y R Y R Y R  
< 4 Y R Y R Y R Y  
< 5 R Y R Y R Y R  
---
> 0 * * * * * * *  
> 1 * * * * * * *  
> 2 * * * * * * *  
> 3 * * * * * * *  
> 4 * * * * * * *  
> 5 * * * * * * *  
802,807c802,807
< 0 R Y R Y R Y Y  
< 1 Y R Y R Y R Y  
< 2 R Y R Y R Y R  
< 3 R Y R Y R Y R  
< 4 Y R Y R Y R Y  
< 5 R Y R Y R Y R  
---
> 0 * * * * * * *  
> 1 * * * * * * *  
> 2 * * * * * * *  
> 3 * * * * * * *  
> 4 * * * * * * *  
> 5 * * * * * * *  
809,812c809,818
< Draw!
< Do you want to play again? 
<  1. Yes 
<  2. No
---
> Player 1's turn (You are Red):
> Choose your move: 
>  1. Play Normal 
>  2. Play Bomb (2 left) 
>  3. Play Teleportation (2 left) 
>  4. Play Colour Changer (2 left)
>  5. Display Gameboard 
>  6. Load Test File 
>  0. Exit
> Choose a column to play in:
