28c28
< 5 R * * * * * *  
---
> 5 * * * * * * *  
47c47
< 5 R Y * * * * *  
---
> 5 * * * * * * *  
66c66
< 5 R Y R * * * *  
---
> 5 * * * * * * *  
84,85c84,85
< 4 * * Y * * * *  
< 5 R Y R * * * *  
---
> 4 * * * * * * *  
> 5 * * * * * * *  
103,104c103,104
< 4 * * Y * * * *  
< 5 R Y R R * * *  
---
> 4 * * * * * * *  
> 5 * * * * * * *  
122,123c122,123
< 4 * * Y * * * *  
< 5 R Y R R Y * *  
---
> 4 * * * * * * *  
> 5 * * * * * * *  
141,142c141,142
< 4 * * Y R * * *  
< 5 R Y R R Y * *  
---
> 4 * * * * * * *  
> 5 * * * * * * *  
159,161c159,161
< 3 * * * Y * * *  
< 4 * * Y R * * *  
< 5 R Y R R Y * *  
---
> 3 * * * * * * *  
> 4 * * * * * * *  
> 5 * * * * * * *  
178,180c178,180
< 3 * * * Y * * *  
< 4 * * Y R R * *  
< 5 R Y R R Y * *  
---
> 3 * * * * * * *  
> 4 * * * * * * *  
> 5 * * * * * * *  
197,199c197,199
< 3 * * * Y * * *  
< 4 * * Y R R * *  
< 5 R Y R R Y Y *  
---
> 3 * * * * * * *  
> 4 * * * * * * *  
> 5 * * * * * * *  
216,218c216,218
< 3 * * * Y R * *  
< 4 * * Y R R * *  
< 5 R Y R R Y Y *  
---
> 3 * * * * * * *  
> 4 * * * * * * *  
> 5 * * * * * * *  
234,237c234,237
< 2 * * * * Y * *  
< 3 * * * Y R * *  
< 4 * * Y R R * *  
< 5 R Y R R Y Y *  
---
> 2 * * * * * * *  
> 3 * * * * * * *  
> 4 * * * * * * *  
> 5 * * * * * * *  
239,242c239,248
< Player 2 wins!
< Do you want to play again? 
<  1. Yes 
<  2. No
---
> Player 1's turn (You are Red):
> Choose your move: 
>  1. Play Normal 
>  2. Play Bomb (2 left) 
>  3. Play Teleportation (2 left) 
>  4. Play Colour Changer (2 left)
>  5. Display Gameboard 
>  6. Load Test File 
>  0. Exit
> Choose a column to play in:
