28c28
< 5 R * * * * * *  
---
> 5 * * * * * * *  
47c47
< 5 R Y * * * * *  
---
> 5 * * * * * * *  
65,66c65,66
< 4 R * * * * * *  
< 5 R Y * * * * *  
---
> 4 * * * * * * *  
> 5 * * * * * * *  
84,85c84,85
< 4 R Y * * * * *  
< 5 R Y * * * * *  
---
> 4 * * * * * * *  
> 5 * * * * * * *  
102,104c102,104
< 3 R * * * * * *  
< 4 R Y * * * * *  
< 5 R Y * * * * *  
---
> 3 * * * * * * *  
> 4 * * * * * * *  
> 5 * * * * * * *  
121,123c121,123
< 3 R Y * * * * *  
< 4 R Y * * * * *  
< 5 R Y * * * * *  
---
> 3 * * * * * * *  
> 4 * * * * * * *  
> 5 * * * * * * *  
140,142c140,142
< 3 R Y * * * * *  
< 4 R Y * * * * *  
< 5 R Y R * * * *  
---
> 3 * * * * * * *  
> 4 * * * * * * *  
> 5 * * * * * * *  
158,166c158,172
< 2 * Y * * * * *  
< 3 R Y * * * * *  
< 4 R Y * * * * *  
< 5 R Y R * * * *  
< 
< Player 2 wins!
< Do you want to play again? 
<  1. Yes 
<  2. No
---
> 2 * * * * * * *  
> 3 * * * * * * *  
> 4 * * * * * * *  
> 5 * * * * * * *  
> 
> Player 1's turn (You are Red):
> Choose your move: 
>  1. Play Normal 
>  2. Play Bomb (2 left) 
>  3. Play Teleportation (2 left) 
>  4. Play Colour Changer (2 left)
>  5. Display Gameboard 
>  6. Load Test File 
>  0. Exit
> Choose a column to play in:
