28c28
< 5 R * * * * * *  
---
> 5 * * * * * * *  
47c47
< 5 R Y * * * * *  
---
> 5 * * * * * * *  
65,66c65,66
< 4 * R * * * * *  
< 5 R Y * * * * *  
---
> 4 * * * * * * *  
> 5 * * * * * * *  
84,85c84,85
< 4 * R * * * * *  
< 5 R Y Y * * * *  
---
> 4 * * * * * * *  
> 5 * * * * * * *  
103,104c103,104
< 4 * R * * * * *  
< 5 R Y Y R * * *  
---
> 4 * * * * * * *  
> 5 * * * * * * *  
122,123c122,123
< 4 * R Y * * * *  
< 5 R Y Y R * * *  
---
> 4 * * * * * * *  
> 5 * * * * * * *  
140,142c140,142
< 3 * * R * * * *  
< 4 * R Y * * * *  
< 5 R Y Y R * * *  
---
> 3 * * * * * * *  
> 4 * * * * * * *  
> 5 * * * * * * *  
159,161c159,161
< 3 * * R * * * *  
< 4 * R Y Y * * *  
< 5 R Y Y R * * *  
---
> 3 * * * * * * *  
> 4 * * * * * * *  
> 5 * * * * * * *  
178,180c178,180
< 3 * * R * * * *  
< 4 * R Y Y * * *  
< 5 R Y Y R R * *  
---
> 3 * * * * * * *  
> 4 * * * * * * *  
> 5 * * * * * * *  
197,199c197,199
< 3 * * R Y * * *  
< 4 * R Y Y * * *  
< 5 R Y Y R R * *  
---
> 3 * * * * * * *  
> 4 * * * * * * *  
> 5 * * * * * * *  
215,223c215,229
< 2 * * * R * * *  
< 3 * * R Y * * *  
< 4 * R Y Y * * *  
< 5 R Y Y R R * *  
< 
< Player 1 wins!
< Do you want to play again? 
<  1. Yes 
<  2. No
---
> 2 * * * * * * *  
> 3 * * * * * * *  
> 4 * * * * * * *  
> 5 * * * * * * *  
> 
> Player 2's turn (You are Yellow):
> Choose your move: 
>  1. Play Normal 
>  2. Play Bomb (2 left) 
>  3. Play Teleportation (2 left) 
>  4. Play Colour Changer (2 left)
>  5. Display Gameboard 
>  6. Load Test File 
>  0. Exit
> Choose a column to play in:
