28c28
< 5 * * * * * * R  
---
> 5 * * * * * * *  
47c47
< 5 Y * * * * * R  
---
> 5 * * * * * * *  
66c66
< 5 Y R * * * * R  
---
> 5 * * * * * * *  
84,85c84,85
< 4 Y * * * * * *  
< 5 Y R * * * * R  
---
> 4 * * * * * * *  
> 5 * * * * * * *  
102,104c102,104
< 3 R * * * * * *  
< 4 Y * * * * * *  
< 5 Y R * * * * R  
---
> 3 * * * * * * *  
> 4 * * * * * * *  
> 5 * * * * * * *  
121,123c121,123
< 3 R * * * * * *  
< 4 Y Y * * * * *  
< 5 Y R * * * * R  
---
> 3 * * * * * * *  
> 4 * * * * * * *  
> 5 * * * * * * *  
140,142c140,142
< 3 R R * * * * *  
< 4 Y Y * * * * *  
< 5 Y R * * * * R  
---
> 3 * * * * * * *  
> 4 * * * * * * *  
> 5 * * * * * * *  
159,161c159,161
< 3 R R * * * * *  
< 4 Y Y * * * * *  
< 5 Y R Y * * * R  
---
> 3 * * * * * * *  
> 4 * * * * * * *  
> 5 * * * * * * *  
177,180c177,180
< 2 R * * * * * *  
< 3 R R * * * * *  
< 4 Y Y * * * * *  
< 5 Y R Y * * * R  
---
> 2 * * * * * * *  
> 3 * * * * * * *  
> 4 * * * * * * *  
> 5 * * * * * * *  
196,199c196,199
< 2 R * * * * * *  
< 3 R R * * * * *  
< 4 Y Y * * * * *  
< 5 Y R Y * Y * R  
---
> 2 * * * * * * *  
> 3 * * * * * * *  
> 4 * * * * * * *  
> 5 * * * * * * *  
215,218c215,218
< 2 R * * * * * *  
< 3 R R * * * * *  
< 4 Y Y R * * * *  
< 5 Y R Y * Y * R  
---
> 2 * * * * * * *  
> 3 * * * * * * *  
> 4 * * * * * * *  
> 5 * * * * * * *  
234,237c234,237
< 2 R * * * * * *  
< 3 R R Y * * * *  
< 4 Y Y R * * * *  
< 5 Y R Y * Y * R  
---
> 2 * * * * * * *  
> 3 * * * * * * *  
> 4 * * * * * * *  
> 5 * * * * * * *  
253,256c253,256
< 2 R * * * * * *  
< 3 R R Y * * * *  
< 4 Y Y R * * * *  
< 5 Y R Y R Y * R  
---
> 2 * * * * * * *  
> 3 * * * * * * *  
> 4 * * * * * * *  
> 5 * * * * * * *  
258,261c258,267
< Player 1 wins!
< Do you want to play again? 
<  1. Yes 
<  2. No
---
> Player 2's turn (You are Yellow):
> Choose your move: 
>  1. Play Normal 
>  2. Play Bomb (2 left) 
>  3. Play Teleportation (2 left) 
>  4. Play Colour Changer (2 left)
>  5. Display Gameboard 
>  6. Load Test File 
>  0. Exit
> Choose a column to play in:
