28c28
< 5 R * * * * * *  
---
> 5 * * * * * * *  
47c47
< 5 R Y * * * * *  
---
> 5 * * * * * * *  
66c66
< 5 R Y R * * * *  
---
> 5 * * * * * * *  
84,85c84,85
< 4 Y * * * * * *  
< 5 R Y R * * * *  
---
> 4 * * * * * * *  
> 5 * * * * * * *  
103,104c103,104
< 4 Y * * * * * *  
< 5 R Y R R * * *  
---
> 4 * * * * * * *  
> 5 * * * * * * *  
121,123c121,123
< 3 Y * * * * * *  
< 4 Y * * * * * *  
< 5 R Y R R * * *  
---
> 3 * * * * * * *  
> 4 * * * * * * *  
> 5 * * * * * * *  
140,147c140,153
< 3 Y * * * * * *  
< 4 Y * * * * * *  
< 5 R R R R * * *  
< 
< Player 1 wins!
< Do you want to play again? 
<  1. Yes 
<  2. No
---
> 3 * * * * * * *  
> 4 * * * * * * *  
> 5 * R * * * * *  
> 
> Player 2's turn (You are Yellow):
> Choose your move: 
>  1. Play Normal 
>  2. Play Bomb (2 left) 
>  3. Play Teleportation (2 left) 
>  4. Play Colour Changer (2 left)
>  5. Display Gameboard 
>  6. Load Test File 
>  0. Exit
> Choose a column to play in:
