28c28
< 5 R * * * * * *  
---
> 5 * * * * * * *  
46,47c46,47
< 4 Y * * * * * *  
< 5 R * * * * * *  
---
> 4 * * * * * * *  
> 5 * * * * * * *  
64,66c64,66
< 3 R * * * * * *  
< 4 Y * * * * * *  
< 5 R * * * * * *  
---
> 3 * * * * * * *  
> 4 * * * * * * *  
> 5 * * * * * * *  
83,85c83,85
< 3 R * * * * * *  
< 4 Y * * * * * *  
< 5 R * Y * * * *  
---
> 3 * * * * * * *  
> 4 * * * * * * *  
> 5 * * * * * * *  
102,104c102,104
< 3 R * * * * * *  
< 4 Y * R * * * *  
< 5 R * Y * * * *  
---
> 3 * * * * * * *  
> 4 * * * * * * *  
> 5 * * * * * * *  
121,123c121,123
< 3 R * Y * * * *  
< 4 Y * R * * * *  
< 5 R * Y * * * *  
---
> 3 * * * * * * *  
> 4 * * * * * * *  
> 5 * * * * * * *  
139,142c139,142
< 2 R * * * * * *  
< 3 R * Y * * * *  
< 4 Y * R * * * *  
< 5 R * Y * * * *  
---
> 2 * * * * * * *  
> 3 * * * * * * *  
> 4 * * * * * * *  
> 5 * * * * * * *  
158,161c158,161
< 2 R * Y * * * *  
< 3 R * Y * * * *  
< 4 Y * R * * * *  
< 5 R * Y * * * *  
---
> 2 * * * * * * *  
> 3 * * * * * * *  
> 4 * * * * * * *  
> 5 * * * * * * *  
176,180c176,180
< 1 R * * * * * *  
< 2 R * Y * * * *  
< 3 R * Y * * * *  
< 4 Y * R * * * *  
< 5 R * Y * * * *  
---
> 1 * * * * * * *  
> 2 * * * * * * *  
> 3 * * * * * * *  
> 4 * * * * * * *  
> 5 * * * * * * *  
195,199c195,199
< 1 R * Y * * * *  
< 2 R * Y * * * *  
< 3 R * Y * * * *  
< 4 Y * R * * * *  
< 5 R * Y * * * *  
---
> 1 * * * * * * *  
> 2 * * * * * * *  
> 3 * * * * * * *  
> 4 * * * * * * *  
> 5 * * * * * * *  
213,218c213,218
< 0 * * R * * * *  
< 1 R * Y * * * *  
< 2 R * Y * * * *  
< 3 R * Y * * * *  
< 4 Y * R * * * *  
< 5 R * Y * * * *  
---
> 0 * * * * * * *  
> 1 * * * * * * *  
> 2 * * * * * * *  
> 3 * * * * * * *  
> 4 * * * * * * *  
> 5 * * * * * * *  
232,237c232,237
< 0 Y * R * * * *  
< 1 R * Y * * * *  
< 2 R * Y * * * *  
< 3 R * Y * * * *  
< 4 Y * R * * * *  
< 5 R * Y * * * *  
---
> 0 * * * * * * *  
> 1 * * * * * * *  
> 2 * * * * * * *  
> 3 * * * * * * *  
> 4 * * * * * * *  
> 5 * * * * * * *  
253,256c253,256
< 2 Y * R * * * *  
< 3 R * Y * * * *  
< 4 R * Y * * * *  
< 5 R R Y * * * *  
---
> 2 * * * * * * *  
> 3 * * * * * * *  
> 4 * * * * * * *  
> 5 * R * * * * *  
275c275
< 5 Y Y R * * * *  
---
> 5 * Y * * * * *  
