28c28
< 5 R * * * * * *  
---
> 5 * * * * * * *  
46,47c46,47
< 4 Y * * * * * *  
< 5 R * * * * * *  
---
> 4 * * * * * * *  
> 5 * * * * * * *  
64,66c64,66
< 3 R * * * * * *  
< 4 Y * * * * * *  
< 5 R * * * * * *  
---
> 3 * * * * * * *  
> 4 * * * * * * *  
> 5 * * * * * * *  
83,85c83,85
< 3 R * * * * * *  
< 4 Y * * * * * *  
< 5 R * Y * * * *  
---
> 3 * * * * * * *  
> 4 * * * * * * *  
> 5 * * * * * * *  
102,104c102,104
< 3 R * * * * * *  
< 4 Y * R * * * *  
< 5 R * Y * * * *  
---
> 3 * * * * * * *  
> 4 * * * * * * *  
> 5 * * * * * * *  
121,123c121,123
< 3 R * Y * * * *  
< 4 Y * R * * * *  
< 5 R * Y * * * *  
---
> 3 * * * * * * *  
> 4 * * * * * * *  
> 5 * * * * * * *  
140,142c140,142
< 3 R * Y * * * *  
< 4 Y * R * * * *  
< 5 R R Y * * * *  
---
> 3 * * * * * * *  
> 4 * * * * * * *  
> 5 * * * * * * *  
158,161c158,161
< 2 Y * * * * * *  
< 3 R * Y * * * *  
< 4 Y * R * * * *  
< 5 R R Y * * * *  
---
> 2 * * * * * * *  
> 3 * * * * * * *  
> 4 * * * * * * *  
> 5 * * * * * * *  
177,180c177,180
< 2 Y * R * * * *  
< 3 R * Y * * * *  
< 4 Y * R * * * *  
< 5 R R Y * * * *  
---
> 2 * * * * * * *  
> 3 * * * * * * *  
> 4 * * * * * * *  
> 5 * * * * * * *  
199c199
< 5 Y Y R * * * *  
---
> 5 * Y * * * * *  
