28c28
< 5 * R * * * * *  
---
> 5 * * * * * * *  
46,47c46,47
< 4 * Y * * * * *  
< 5 * R * * * * *  
---
> 4 * * * * * * *  
> 5 * * * * * * *  
64,66c64,66
< 3 * R * * * * *  
< 4 * Y * * * * *  
< 5 * R * * * * *  
---
> 3 * * * * * * *  
> 4 * * * * * * *  
> 5 * * * * * * *  
82,85c82,85
< 2 * Y * * * * *  
< 3 * R * * * * *  
< 4 * Y * * * * *  
< 5 * R * * * * *  
---
> 2 * * * * * * *  
> 3 * * * * * * *  
> 4 * * * * * * *  
> 5 * * * * * * *  
100,104c100,104
< 1 * R * * * * *  
< 2 * Y * * * * *  
< 3 * R * * * * *  
< 4 * Y * * * * *  
< 5 * R * * * * *  
---
> 1 * * * * * * *  
> 2 * * * * * * *  
> 3 * * * * * * *  
> 4 * * * * * * *  
> 5 * * * * * * *  
118,123c118,123
< 0 * Y * * * * *  
< 1 * R * * * * *  
< 2 * Y * * * * *  
< 3 * R * * * * *  
< 4 * Y * * * * *  
< 5 * R * * * * *  
---
> 0 * * * * * * *  
> 1 * * * * * * *  
> 2 * * * * * * *  
> 3 * * * * * * *  
> 4 * * * * * * *  
> 5 * * * * * * *  
137,141c137,141
< 0 * R * * * * *  
< 1 * R * * * * *  
< 2 * Y * * * * *  
< 3 * R * * * * *  
< 4 * Y * * * * *  
---
> 0 * * * * * * *  
> 1 * * * * * * *  
> 2 * * * * * * *  
> 3 * * * * * * *  
> 4 * * * * * * *  
