28c28
< 5 R * * * * * *  
---
> 5 * * * * * * *  
46,47c46,47
< 4 Y * * * * * *  
< 5 R * * * * * *  
---
> 4 * * * * * * *  
> 5 * * * * * * *  
64,66c64,66
< 3 R * * * * * *  
< 4 Y * * * * * *  
< 5 R * * * * * *  
---
> 3 * * * * * * *  
> 4 * * * * * * *  
> 5 * * * * * * *  
83,85c83,85
< 3 R * * * * * *  
< 4 Y * * * * * *  
< 5 R * Y * * * *  
---
> 3 * * * * * * *  
> 4 * * * * * * *  
> 5 * * * * * * *  
102,104c102,104
< 3 R * * * * * *  
< 4 Y * R * * * *  
< 5 R * Y * * * *  
---
> 3 * * * * * * *  
> 4 * * * * * * *  
> 5 * * * * * * *  
121,123c121,123
< 3 R * Y * * * *  
< 4 Y * R * * * *  
< 5 R * Y * * * *  
---
> 3 * * * * * * *  
> 4 * * * * * * *  
> 5 * * * * * * *  
140,142c140,142
< 3 R * Y * * * *  
< 4 Y * R * * * *  
< 5 R R Y * * * *  
---
> 3 * * * * * * *  
> 4 * * * * * * *  
> 5 * * * * * * *  
158,161c158,161
< 2 Y * * * * * *  
< 3 R * Y * * * *  
< 4 Y * R * * * *  
< 5 R R Y * * * *  
---
> 2 * * * * * * *  
> 3 * * * * * * *  
> 4 * * * * * * *  
> 5 * * * * * * *  
177,180c177,180
< 2 Y * R * * * *  
< 3 R * Y * * * *  
< 4 Y * R * * * *  
< 5 R R Y * * * *  
---
> 2 * * * * * * *  
> 3 * * * * * * *  
> 4 * * * * * * *  
> 5 * * * * * * *  
195,199c195,199
< 1 Y * * * * * *  
< 2 Y * R * * * *  
< 3 R * Y * * * *  
< 4 Y * R * * * *  
< 5 R R Y * * * *  
---
> 1 * * * * * * *  
> 2 * * * * * * *  
> 3 * * * * * * *  
> 4 * * * * * * *  
> 5 * * * * * * *  
214,218c214,218
< 1 Y * R * * * *  
< 2 Y * R * * * *  
< 3 R * Y * * * *  
< 4 Y * R * * * *  
< 5 R R Y * * * *  
---
> 1 * * * * * * *  
> 2 * * * * * * *  
> 3 * * * * * * *  
> 4 * * * * * * *  
> 5 * * * * * * *  
232,237c232,237
< 0 * * Y * * * *  
< 1 Y * R * * * *  
< 2 Y * R * * * *  
< 3 R * Y * * * *  
< 4 Y * R * * * *  
< 5 R R Y * * * *  
---
> 0 * * * * * * *  
> 1 * * * * * * *  
> 2 * * * * * * *  
> 3 * * * * * * *  
> 4 * * * * * * *  
> 5 * * * * * * *  
251,256c251,256
< 0 R * Y * * * *  
< 1 Y * R * * * *  
< 2 Y * R * * * *  
< 3 R * Y * * * *  
< 4 Y * R * * * *  
< 5 R R Y * * * *  
---
> 0 * * * * * * *  
> 1 * * * * * * *  
> 2 * * * * * * *  
> 3 * * * * * * *  
> 4 * * * * * * *  
> 5 * * * * * * *  
268d267
< Column is full.
271,276c270,275
< 0 R * Y * * * *  
< 1 Y * R * * * *  
< 2 Y * R * * * *  
< 3 R * Y * * * *  
< 4 Y * R * * * *  
< 5 R R Y * * * *  
---
> 0 * * * * * * *  
> 1 * * * * * * *  
> 2 * * * * * * *  
> 3 * * * * * * *  
> 4 * * * * * * *  
> 5 * * Y * * * *  
293,295c292,294
< 3 R * Y * * * *  
< 4 Y * R * * * *  
< 5 Y R R * * * *  
---
> 3 * * * * * * *  
> 4 * * * * * * *  
> 5 * R * * * * *  
