28c28
< 5 R * * * * * *  
---
> 5 * * * * * * *  
46,47c46,47
< 4 Y * * * * * *  
< 5 R * * * * * *  
---
> 4 * * * * * * *  
> 5 * * * * * * *  
65,66c65,66
< 4 Y * * * * * *  
< 5 R * * R * * *  
---
> 4 * * * * * * *  
> 5 * * * * * * *  
84,85c84,85
< 4 Y * * Y * * *  
< 5 R * * R * * *  
---
> 4 * * * * * * *  
> 5 * * * * * * *  
102,104c102,104
< 3 * * * R * * *  
< 4 Y * * Y * * *  
< 5 R * * R * * *  
---
> 3 * * * * * * *  
> 4 * * * * * * *  
> 5 * * * * * * *  
120,123c120,123
< 2 * * * Y * * *  
< 3 * * * R * * *  
< 4 Y * * Y * * *  
< 5 R * * R * * *  
---
> 2 * * * * * * *  
> 3 * * * * * * *  
> 4 * * * * * * *  
> 5 * * * * * * *  
138,142c138,142
< 1 * * * R * * *  
< 2 * * * Y * * *  
< 3 * * * R * * *  
< 4 Y * * Y * * *  
< 5 R * * R * * *  
---
> 1 * * * * * * *  
> 2 * * * * * * *  
> 3 * * * * * * *  
> 4 * * * * * * *  
> 5 * * * * * * *  
156,161c156,161
< 0 * * * Y * * *  
< 1 * * * R * * *  
< 2 * * * Y * * *  
< 3 * * * R * * *  
< 4 Y * * Y * * *  
< 5 R * * R * * *  
---
> 0 * * * * * * *  
> 1 * * * * * * *  
> 2 * * * * * * *  
> 3 * * * * * * *  
> 4 * * * * * * *  
> 5 * * * * * * *  
173d172
< Column is full.
176,181c175,180
< 0 * * * Y * * *  
< 1 * * * R * * *  
< 2 * * * Y * * *  
< 3 * * * R * * *  
< 4 R * * Y * * *  
< 5 R * * R * * *  
---
> 0 * * * * * * *  
> 1 * * * * * * *  
> 2 * * * * * * *  
> 3 * * * * * * *  
> 4 * * * * * * *  
> 5 * * * * * * *  
