28c28
< 5 R * * * * * *  
---
> 5 * * * * * * *  
47c47
< 5 R Y * * * * *  
---
> 5 * * * * * * *  
65,66c65,66
< 4 * R * * * * *  
< 5 R Y * * * * *  
---
> 4 * * * * * * *  
> 5 * * * * * * *  
84,85c84,85
< 4 * R * * * * *  
< 5 R Y * Y * * *  
---
> 4 * * * * * * *  
> 5 * * * * * * *  
103,104c103,104
< 4 * R * R * * *  
< 5 R Y * Y * * *  
---
> 4 * * * * * * *  
> 5 * * * * * * *  
122,123c122,123
< 4 * R * R * * *  
< 5 R Y * Y * * Y  
---
> 4 * * * * * * *  
> 5 * * * * * * *  
141,142c141,142
< 4 * R * R * * *  
< 5 R Y * Y R * Y  
---
> 4 * * * * * * *  
> 5 * * * * * * *  
160,161c160,161
< 4 * R * R Y * *  
< 5 R Y * Y R * Y  
---
> 4 * * * * * * *  
> 5 * * * * * * *  
178,180c178,180
< 3 * * * R * * *  
< 4 * R * R Y * *  
< 5 R Y * Y R * Y  
---
> 3 * * * * * * *  
> 4 * * * * * * *  
> 5 * * * * * * *  
197,199c197,199
< 3 * * * R Y * *  
< 4 * R * R Y * *  
< 5 R Y * Y R * Y  
---
> 3 * * * * * * *  
> 4 * * * * * * *  
> 5 * * * * * * *  
215,218c215,218
< 2 * * * R * * *  
< 3 * * * R Y * *  
< 4 * R * R Y * *  
< 5 R Y * Y R * Y  
---
> 2 * * * * * * *  
> 3 * * * * * * *  
> 4 * * * * * * *  
> 5 * * * * * * *  
233,237c233,237
< 1 * * * Y * * *  
< 2 * * * R * * *  
< 3 * * * R Y * *  
< 4 * R * R Y * *  
< 5 R Y * Y R * Y  
---
> 1 * * * * * * *  
> 2 * * * * * * *  
> 3 * * * * * * *  
> 4 * * * * * * *  
> 5 * * * * * * *  
252,256c252,256
< 1 * * * Y * * *  
< 2 * * * R * * *  
< 3 * * * R Y * *  
< 4 * R * R Y * *  
< 5 R Y * Y R R Y  
---
> 1 * * * * * * *  
> 2 * * * * * * *  
> 3 * * * * * * *  
> 4 * * * * * * *  
> 5 * * * * * * *  
270,275c270,275
< 0 * * * Y * * *  
< 1 * * * Y * * *  
< 2 * * * R * * *  
< 3 * * * R Y * *  
< 4 * R * R Y * *  
< 5 R Y * Y R R Y  
---
> 0 * * * * * * *  
> 1 * * * * * * *  
> 2 * * * * * * *  
> 3 * * * * * * *  
> 4 * * * * * * *  
> 5 * * * * * * *  
289,294c289,294
< 0 * * * Y * * *  
< 1 * * * Y * * *  
< 2 * * * R * * *  
< 3 * R * R Y * *  
< 4 * R * R Y * *  
< 5 R Y * Y R R Y  
---
> 0 * * * * * * *  
> 1 * * * * * * *  
> 2 * * * * * * *  
> 3 * * * * * * *  
> 4 * * * * * * *  
> 5 * * * * * * *  
308,313c308,313
< 0 * * * Y * * *  
< 1 * * * Y * * *  
< 2 * * * R * * *  
< 3 * R * R Y * *  
< 4 * R * R Y Y *  
< 5 R Y * Y R R Y  
---
> 0 * * * * * * *  
> 1 * * * * * * *  
> 2 * * * * * * *  
> 3 * * * * * * *  
> 4 * * * * * * *  
> 5 * * * * * * *  
329,337c329,343
< 2 * * * Y * * *  
< 3 * * * Y Y * *  
< 4 * * * R Y Y *  
< 5 R R R R R R Y  
< 
< Draw!
< Do you want to play again? 
<  1. Yes 
<  2. No
---
> 2 * * * * * * *  
> 3 * * * * * * *  
> 4 * * * * * * *  
> 5 * * R * * * *  
> 
> Player 2's turn (You are Yellow):
> Choose your move: 
>  1. Play Normal 
>  2. Play Bomb (2 left) 
>  3. Play Teleportation (2 left) 
>  4. Play Colour Changer (2 left)
>  5. Display Gameboard 
>  6. Load Test File 
>  0. Exit
> Choose a column to play in:
